Using Kranc installation at /home/robynm/ET/code/2020_05/Cactus/repos/Kranc/Bin/..
Mathematica 12.0.0 Kernel for Linux x86 (64-bit)
Copyright 1988-2019 Wolfram Research, Inc.
Profiling disabled
Setting symmetries of g to be {{2, 1}, 1}
Setting symmetries of gt to be {{2, 1}, 1}
Setting symmetries of T to be {{2, 1}, 1}
Setting symmetries of k to be {{2, 1}, 1}
Setting symmetries of gu to be {{2, 1}, 1}
Setting symmetries of gtu to be {{2, 1}, 1}
Creating group from tensor with kernel DD and indices {}
Tensor attributes of DD
{TensorWeight -> 0, Symmetries -> {}}
Tensor type string: 
Scalar
Created group: 
{DD_group, {DD}, Tags -> {tensortypealias -> Scalar, tensorweight -> 0}}
Creating group from tensor with kernel EE and indices {}
Tensor attributes of EE
{TensorWeight -> 0, Symmetries -> {}}
Tensor type string: 
Scalar
Created group: 
{EE_group, {EE}, Tags -> {tensortypealias -> Scalar, tensorweight -> 0}}
Creating group from tensor with kernel SS and indices {la}
Tensor attributes of SS
{TensorWeight -> 0, Symmetries -> {}}
Tensor type string: 
D
Created group: 
{SS_group, {SS[la]}, Tags -> {tensortypealias -> D, tensorweight -> 0}}
Creating group from tensor with kernel rho and indices {}
Tensor attributes of rho
{TensorWeight -> 0, Symmetries -> {}}
Tensor type string: 
Scalar
Created group: 
{rho_group, {rho}, Tags -> {tensortypealias -> Scalar, tensorweight -> 0}}
Creating group from tensor with kernel eps and indices {}
Tensor attributes of eps
{TensorWeight -> 0, Symmetries -> {}}
Tensor type string: 
Scalar
Created group: 
{eps_group, {eps}, Tags -> {tensortypealias -> Scalar, tensorweight -> 0}}
Creating group from tensor with kernel prs and indices {}
Tensor attributes of prs
{TensorWeight -> 0, Symmetries -> {}}
Tensor type string: 
Scalar
Created group: 
{prs_group, {prs}, Tags -> {tensortypealias -> Scalar, tensorweight -> 0}}
Creating group from tensor with kernel u and indices {la}
Tensor attributes of u
{TensorWeight -> 0, Symmetries -> {}}
Tensor type string: 
D
Created group: 
{u_group, {u[la]}, Tags -> {tensortypealias -> D, tensorweight -> 0}}
Creating group from tensor with kernel V and indices {ua}
Tensor attributes of V
{TensorWeight -> 0, Symmetries -> {}}
Tensor type string: 
U
Created group: 
{V_group, {V[ua]}, Tags -> {tensortypealias -> U, tensorweight -> 0}}
Creating group from tensor with kernel W and indices {}
Tensor attributes of W
{TensorWeight -> 0, Symmetries -> {}}
Tensor type string: 
Scalar
Created group: 
{W_group, {W}, Tags -> {tensortypealias -> Scalar, tensorweight -> 0}}
Creating group from tensor with kernel cttS and indices {}
Tensor attributes of cttS
{TensorWeight -> 0, Symmetries -> {}}
Tensor type string: 
Scalar
Created group: 
{cttS_group, {cttS}, Tags -> {tensortypealias -> Scalar, tensorweight -> 0}}
Creating group from tensor with kernel cttV and indices {la}
Tensor attributes of cttV
{TensorWeight -> 0, Symmetries -> {}}
Tensor type string: 
D
Created group: 
{cttV_group, {cttV[la]}, Tags -> {tensortypealias -> D, tensorweight -> 0}}
Creating group from tensor with kernel rhodp and indices {}
Tensor attributes of rhodp
{TensorWeight -> 0, Symmetries -> {}}
Tensor type string: 
Scalar
Created group: 
{rhodp_group, {rhodp}, Tags -> {tensortypealias -> Scalar, tensorweight -> 0}}
Creating thorn CT_Dust
Processing tensorial arguments
Group definitions:
{{CT_D, {DD}, Tags -> {tensortypealias -> Scalar, tensorweight -> 0}}, {CT_E, {EE}, Tags -> {tensortypealias -> Scalar, tensorweight -> 0}}, {CT_S, {SS[la]}, Tags -> {tensortypealias -> D, tensorweight -> 0}}, {CT_rho, {rho}, Tags -> {tensortypealias -> Scalar, tensorweight -> 0}}, {CT_eps, {eps}, Tags -> {tensortypealias -> Scalar, tensorweight -> 0}}, {CT_prs, {prs}, Tags -> {tensortypealias -> Scalar, tensorweight -> 0}}, {CT_u, {u[la]}, Tags -> {tensortypealias -> D, tensorweight -> 0}}, {CT_V, {V[ua]}, Tags -> {tensortypealias -> U, tensorweight -> 0}}, {CT_W, {W}, Tags -> {tensortypealias -> Scalar, tensorweight -> 0}}, {CT_cttS, {cttS}, Tags -> {tensortypealias -> Scalar, tensorweight -> 0}}, {CT_cttV, {cttV[la]}, Tags -> {tensortypealias -> D, tensorweight -> 0}}, {CT_rhodp, {rhodp}, Tags -> {tensortypealias -> Scalar, tensorweight -> 0}}, {Grid::coordinates, {x, y, z, r}}, {ADMBase::metric, {gxx, gxy, gxz, gyy, gyz, gzz}}, {ADMBase::lapse, {alp}}, {ADMBase::shift, {betax, betay, betaz}}, {ADMBase::curv, {kxx, kxy, kxz, kyy, kyz, kzz}}, {ML_BSSN::ML_log_confac, {phi}}, {ML_BSSN::ML_metric, {gt11, gt12, gt13, gt22, gt23, gt33}}, {ML_BSSN::ML_trace_curv, {trK}}, {ML_BSSN::ML_curv, {At11, At12, At13, At22, At23, At33}}, {ML_BSSN::ML_gamma, {Xt1, Xt2, Xt3}}, {TmunuBase::stress_energy_scalar, {eTtt}}, {TmunuBase::stress_energy_vector, {eTtx, eTty, eTtz}}, {TmunuBase::stress_energy_tensor, {eTxx, eTxy, eTxz, eTyy, eTyz, eTzz}}}
Declared groups: {CT_D, CT_E, CT_S, CT_rho, CT_eps, CT_prs, CT_u, CT_V, CT_W, CT_cttS, CT_cttV, CT_rhodp}
ODE groups: {}
Computing reflection symmetries
Reflection symmetries: 
{DD -> {1, 1, 1}, EE -> {1, 1, 1}, SS1 -> {-1, 1, 1}, SS2 -> {1, -1, 1}, SS3 -> {1, 1, -1}, rho -> {1, 1, 1}, eps -> {1, 1, 1}, prs -> {1, 1, 1}, u1 -> {-1, 1, 1}, u2 -> {1, -1, 1}, u3 -> {1, 1, -1}, V1 -> {-1, 1, 1}, V2 -> {1, -1, 1}, V3 -> {1, 1, -1}, W -> {1, 1, 1}, cttS -> {1, 1, 1}, cttV1 -> {-1, 1, 1}, cttV2 -> {1, -1, 1}, cttV3 -> {1, 1, -1}, rhodp -> {1, 1, 1}}
Creating (component-based) Kranc thorn
Processing arguments to CreateKrancThorn
Verifying arguments
Creating MoL registration file
Creating symmetry registration file
Creating differencing header file
Creating startup file
Creating configuration file
Creating interface file
Creating param file
Creating schedule file
Creating calculation source files
Creating calculation function: CT_Dust_Minkowski
Calculation sets {rho, rhodp, eps, prs, u1, u2, u3}
Removing definitions for shorthands: {}
 0 shorthands
 109 grid functions
 32 groups
Shorthands: 
{}
Grid functions: 
{kxx, kxy, kxz, kyy, kyz, kzz, alp, gxx, gxy, gxz, gyy, gyz, gzz, betax, betay, betaz, x, y, z, r, At11, At12, At13, At22, At23, At33, Xt1, Xt2, Xt3, phi, gt11, gt12, gt13, gt22, gt23, gt33, trK, eTtt, eTxx, eTxy, eTxz, eTyy, eTyz, eTzz, eTtx, eTty, eTtz, cttS, cttV1, cttV2, cttV3, DD, EE, eps, prs, rho, rhodp, SS1, SS2, SS3, u1, u2, u3, V1, V2, V3, W, DDrhs, EErhs, SS1rhs, SS2rhs, SS3rhs, J11, J12, J13, J21, J22, J23, J31, J32, J33, detJ, iJ11, iJ12, iJ13, iJ21, iJ22, iJ23, iJ31, iJ32, iJ33, dJ111, dJ112, dJ113, dJ122, dJ123, dJ133, dJ211, dJ212, dJ213, dJ222, dJ223, dJ233, dJ311, dJ312, dJ313, dJ322, dJ323, dJ333}
Groups: 
{ADMBase::curv, ADMBase::lapse, ADMBase::metric, ADMBase::shift, grid::coordinates, ML_BSSN::ML_curv, ML_BSSN::ML_gamma, ML_BSSN::ML_log_confac, ML_BSSN::ML_metric, ML_BSSN::ML_trace_curv, TmunuBase::stress_energy_scalar, TmunuBase::stress_energy_tensor, TmunuBase::stress_energy_vector, CT_cttS, CT_cttV, CT_D, CT_E, CT_eps, CT_prs, CT_rho, CT_rhodp, CT_S, CT_u, CT_V, CT_W, CT_Drhs, CT_Erhs, CT_Srhs, unknown::unknown, unknown::unknown, unknown::unknown, unknown::unknown}
Simplifying rho -> ...
Simplifying rhodp -> ...
Simplifying eps -> ...
Simplifying prs -> ...
Simplifying u1 -> ...
Simplifying u2 -> ...
Simplifying u3 -> ...
Equations:
  rho = ...
  rhodp = ...
  eps = ...
  prs = ...
  u1 = ...
  u2 = ...
  u3 = ...
Generating function
Equation loop
Generating code for "rhoL"
Generating code for "rhodpL"
Generating code for "epsL"
Generating code for "prsL"
Generating code for "u1L"
Generating code for "u2L"
Generating code for "u3L"
Finished generating equation code
Creating calculation function: CT_Dust_FLRW_Pert
Calculation sets {HH, aa, rhocrit, rho, rhodp, eps, prs, u1, u2, u3, a2, gxx, gxy, gxz, gyy, gyz, gzz, kxx, kxy, kxz, kyy, kyz, kzz}
Removing definitions for shorthands: {}
 7 shorthands
 109 grid functions
 32 groups
Shorthands: 
{rhocrit, a0t, a2, H0t, trK2, aa, HH}
Grid functions: 
{kxx, kxy, kxz, kyy, kyz, kzz, alp, gxx, gxy, gxz, gyy, gyz, gzz, betax, betay, betaz, x, y, z, r, At11, At12, At13, At22, At23, At33, Xt1, Xt2, Xt3, phi, gt11, gt12, gt13, gt22, gt23, gt33, trK, eTtt, eTxx, eTxy, eTxz, eTyy, eTyz, eTzz, eTtx, eTty, eTtz, cttS, cttV1, cttV2, cttV3, DD, EE, eps, prs, rho, rhodp, SS1, SS2, SS3, u1, u2, u3, V1, V2, V3, W, DDrhs, EErhs, SS1rhs, SS2rhs, SS3rhs, J11, J12, J13, J21, J22, J23, J31, J32, J33, detJ, iJ11, iJ12, iJ13, iJ21, iJ22, iJ23, iJ31, iJ32, iJ33, dJ111, dJ112, dJ113, dJ122, dJ123, dJ133, dJ211, dJ212, dJ213, dJ222, dJ223, dJ233, dJ311, dJ312, dJ313, dJ322, dJ323, dJ333}
Groups: 
{ADMBase::curv, ADMBase::lapse, ADMBase::metric, ADMBase::shift, grid::coordinates, ML_BSSN::ML_curv, ML_BSSN::ML_gamma, ML_BSSN::ML_log_confac, ML_BSSN::ML_metric, ML_BSSN::ML_trace_curv, TmunuBase::stress_energy_scalar, TmunuBase::stress_energy_tensor, TmunuBase::stress_energy_vector, CT_cttS, CT_cttV, CT_D, CT_E, CT_eps, CT_prs, CT_rho, CT_rhodp, CT_S, CT_u, CT_V, CT_W, CT_Drhs, CT_Erhs, CT_Srhs, unknown::unknown, unknown::unknown, unknown::unknown, unknown::unknown}
Simplifying HH -> ...
Simplifying aa -> ...
Simplifying rhocrit -> ...
Simplifying rho -> ...
Simplifying rhodp -> ...
Simplifying eps -> ...
Simplifying prs -> ...
Simplifying u1 -> ...
Simplifying u2 -> ...
Simplifying u3 -> ...
Simplifying a2 -> ...
Simplifying gxx -> ...
Simplifying gxy -> ...
Simplifying gxz -> ...
Simplifying gyy -> ...
Simplifying gyz -> ...
Simplifying gzz -> ...
Simplifying kxx -> ...
Simplifying kxy -> ...
Simplifying kxz -> ...
Simplifying kyy -> ...
Simplifying kyz -> ...
Simplifying kzz -> ...
Equations:
  HH = ...
  aa = ...
  rhocrit = ...
  rho = ...
  rhodp = ...
  eps = ...
  prs = ...
  u1 = ...
  u2 = ...
  u3 = ...
  a2 = ...
  gxx = ...
  gxy = ...
  gxz = ...
  gyy = ...
  gyz = ...
  gzz = ...
  kxx = ...
  kxy = ...
  kxz = ...
  kyy = ...
  kyz = ...
  kzz = ...
Generating function
Equation loop
Generating code for HH
Generating code for aa
Generating code for rhocrit
Generating code for "rhoL"
Generating code for "rhodpL"
Generating code for "epsL"
Generating code for "prsL"
Generating code for "u1L"
Generating code for "u2L"
Generating code for "u3L"
Generating code for a2
Generating code for "gxxL"
Generating code for "gxyL"
Generating code for "gxzL"
Generating code for "gyyL"
Generating code for "gyzL"
Generating code for "gzzL"
Generating code for "kxxL"
Generating code for "kxyL"
Generating code for "kxzL"
Generating code for "kyyL"
Generating code for "kyzL"
Generating code for "kzzL"
Finished generating equation code
Creating calculation function: CT_Dust_MB
Calculation sets {gxx, gxy, gxz, gyy, gyz, gzz, detg, kxx, kxy, kxz, kyy, kyz, kzz, alp, betax, betay, betaz, rho, eps, prs, u1, u2, u3, rhodp}
Removing definitions for shorthands: {}
 1 shorthands
 109 grid functions
 32 groups
Shorthands: 
{detg}
Grid functions: 
{kxx, kxy, kxz, kyy, kyz, kzz, alp, gxx, gxy, gxz, gyy, gyz, gzz, betax, betay, betaz, x, y, z, r, At11, At12, At13, At22, At23, At33, Xt1, Xt2, Xt3, phi, gt11, gt12, gt13, gt22, gt23, gt33, trK, eTtt, eTxx, eTxy, eTxz, eTyy, eTyz, eTzz, eTtx, eTty, eTtz, cttS, cttV1, cttV2, cttV3, DD, EE, eps, prs, rho, rhodp, SS1, SS2, SS3, u1, u2, u3, V1, V2, V3, W, DDrhs, EErhs, SS1rhs, SS2rhs, SS3rhs, J11, J12, J13, J21, J22, J23, J31, J32, J33, detJ, iJ11, iJ12, iJ13, iJ21, iJ22, iJ23, iJ31, iJ32, iJ33, dJ111, dJ112, dJ113, dJ122, dJ123, dJ133, dJ211, dJ212, dJ213, dJ222, dJ223, dJ233, dJ311, dJ312, dJ313, dJ322, dJ323, dJ333}
Groups: 
{ADMBase::curv, ADMBase::lapse, ADMBase::metric, ADMBase::shift, grid::coordinates, ML_BSSN::ML_curv, ML_BSSN::ML_gamma, ML_BSSN::ML_log_confac, ML_BSSN::ML_metric, ML_BSSN::ML_trace_curv, TmunuBase::stress_energy_scalar, TmunuBase::stress_energy_tensor, TmunuBase::stress_energy_vector, CT_cttS, CT_cttV, CT_D, CT_E, CT_eps, CT_prs, CT_rho, CT_rhodp, CT_S, CT_u, CT_V, CT_W, CT_Drhs, CT_Erhs, CT_Srhs, unknown::unknown, unknown::unknown, unknown::unknown, unknown::unknown}
Simplifying gxx -> ...
Simplifying gxy -> ...
Simplifying gxz -> ...
Simplifying gyy -> ...
Simplifying gyz -> ...
Simplifying gzz -> ...
Simplifying detg -> ...
Simplifying kxx -> ...
Simplifying kxy -> ...
Simplifying kxz -> ...
Simplifying kyy -> ...
Simplifying kyz -> ...
Simplifying kzz -> ...
Simplifying alp -> ...
Simplifying betax -> ...
Simplifying betay -> ...
Simplifying betaz -> ...
Simplifying rho -> ...
Simplifying eps -> ...
Simplifying prs -> ...
Simplifying u1 -> ...
Simplifying u2 -> ...
Simplifying u3 -> ...
Simplifying rhodp -> ...
Equations:
  gxx = ...
  gxy = ...
  gxz = ...
  gyy = ...
  gyz = ...
  gzz = ...
  detg = ...
  kxx = ...
  kxy = ...
  kxz = ...
  kyy = ...
  kyz = ...
  kzz = ...
  alp = ...
  betax = ...
  betay = ...
  betaz = ...
  rho = ...
  eps = ...
  prs = ...
  u1 = ...
  u2 = ...
  u3 = ...
  rhodp = ...
Generating function
Equation loop
Generating code for "gxxL"
Generating code for "gxyL"
Generating code for "gxzL"
Generating code for "gyyL"
Generating code for "gyzL"
Generating code for "gzzL"
Generating code for detg
Generating code for "kxxL"
Generating code for "kxyL"
Generating code for "kxzL"
Generating code for "kyyL"
Generating code for "kyzL"
Generating code for "kzzL"
Generating code for "alpL"
Generating code for "betaxL"
Generating code for "betayL"
Generating code for "betazL"
Generating code for "rhoL"
Generating code for "epsL"
Generating code for "prsL"
Generating code for "u1L"
Generating code for "u2L"
Generating code for "u3L"
Generating code for "rhodpL"
Finished generating equation code
Creating calculation function: CT_Dust_MB_bound
Calculation sets {gxx, gxy, gxz, gyy, gyz, gzz, detg, kxx, kxy, kxz, kyy, kyz, kzz, det4g, gu11, gu12, gu13, gu22, gu23, gu33, f1, f2, u0, h, W, rho, eps, prs, u1, u2, u3, rhodp, phi, gt11, gt12, gt13, gt22, gt23, gt33, trK, At11, At12, At13, At22, At23, At33, Xt1, Xt2, Xt3}
Removing definitions for shorthands: {h}
Removing definitions for shorthands: {}
 45 shorthands
 109 grid functions
 32 groups
Shorthands: 
{detg, det4g, gu11, gu12, gu13, gu22, gu23, gu33, gtu11, gtu12, gtu13, gtu22, gtu23, gtu33, Gt111, Gt211, Gt311, Gt112, Gt212, Gt312, Gt113, Gt213, Gt313, Gt121, Gt221, Gt321, Gt122, Gt222, Gt322, Gt123, Gt223, Gt323, Gt131, Gt231, Gt331, Gt132, Gt232, Gt332, Gt133, Gt233, Gt333, f1, f2, u0, h}
Grid functions: 
{kxx, kxy, kxz, kyy, kyz, kzz, alp, gxx, gxy, gxz, gyy, gyz, gzz, betax, betay, betaz, x, y, z, r, At11, At12, At13, At22, At23, At33, Xt1, Xt2, Xt3, phi, gt11, gt12, gt13, gt22, gt23, gt33, trK, eTtt, eTxx, eTxy, eTxz, eTyy, eTyz, eTzz, eTtx, eTty, eTtz, cttS, cttV1, cttV2, cttV3, DD, EE, eps, prs, rho, rhodp, SS1, SS2, SS3, u1, u2, u3, V1, V2, V3, W, DDrhs, EErhs, SS1rhs, SS2rhs, SS3rhs, J11, J12, J13, J21, J22, J23, J31, J32, J33, detJ, iJ11, iJ12, iJ13, iJ21, iJ22, iJ23, iJ31, iJ32, iJ33, dJ111, dJ112, dJ113, dJ122, dJ123, dJ133, dJ211, dJ212, dJ213, dJ222, dJ223, dJ233, dJ311, dJ312, dJ313, dJ322, dJ323, dJ333}
Groups: 
{ADMBase::curv, ADMBase::lapse, ADMBase::metric, ADMBase::shift, grid::coordinates, ML_BSSN::ML_curv, ML_BSSN::ML_gamma, ML_BSSN::ML_log_confac, ML_BSSN::ML_metric, ML_BSSN::ML_trace_curv, TmunuBase::stress_energy_scalar, TmunuBase::stress_energy_tensor, TmunuBase::stress_energy_vector, CT_cttS, CT_cttV, CT_D, CT_E, CT_eps, CT_prs, CT_rho, CT_rhodp, CT_S, CT_u, CT_V, CT_W, CT_Drhs, CT_Erhs, CT_Srhs, unknown::unknown, unknown::unknown, unknown::unknown, unknown::unknown}
Simplifying gxx -> ...
Simplifying gxy -> ...
Simplifying gxz -> ...
Simplifying gyy -> ...
Simplifying gyz -> ...
Simplifying gzz -> ...
Simplifying detg -> ...
Simplifying kxx -> ...
Simplifying kxy -> ...
Simplifying kxz -> ...
Simplifying kyy -> ...
Simplifying kyz -> ...
Simplifying kzz -> ...
Simplifying det4g -> ...
Simplifying gu11 -> ...
Simplifying gu12 -> ...
Simplifying gu13 -> ...
Simplifying gu22 -> ...
Simplifying gu23 -> ...
Simplifying gu33 -> ...
Simplifying f1 -> ...
Simplifying f2 -> ...
Simplifying u0 -> ...
Simplifying W -> ...
Simplifying rho -> ...
Simplifying eps -> ...
Simplifying prs -> ...
Simplifying u1 -> ...
Simplifying u2 -> ...
Simplifying u3 -> ...
Simplifying rhodp -> ...
Simplifying phi -> ...
Simplifying gt11 -> ...
Simplifying gt12 -> ...
Simplifying gt13 -> ...
Simplifying gt22 -> ...
Simplifying gt23 -> ...
Simplifying gt33 -> ...
Simplifying trK -> ...
Simplifying At11 -> ...
Simplifying At12 -> ...
Simplifying At13 -> ...
Simplifying At22 -> ...
Simplifying At23 -> ...
Simplifying At33 -> ...
Simplifying Xt1 -> ...
Simplifying Xt2 -> ...
Simplifying Xt3 -> ...
Equations:
  gxx = ...
  gxy = ...
  gxz = ...
  gyy = ...
  gyz = ...
  gzz = ...
  detg = ...
  kxx = ...
  kxy = ...
  kxz = ...
  kyy = ...
  kyz = ...
  kzz = ...
  det4g = ...
  gu11 = ...
  gu12 = ...
  gu13 = ...
  gu22 = ...
  gu23 = ...
  gu33 = ...
  f1 = ...
  f2 = ...
  u0 = ...
  W = ...
  rho = ...
  eps = ...
  prs = ...
  u1 = ...
  u2 = ...
  u3 = ...
  rhodp = ...
  phi = ...
  gt11 = ...
  gt12 = ...
  gt13 = ...
  gt22 = ...
  gt23 = ...
  gt33 = ...
  trK = ...
  At11 = ...
  At12 = ...
  At13 = ...
  At22 = ...
  At23 = ...
  At33 = ...
  Xt1 = ...
  Xt2 = ...
  Xt3 = ...
Generating function
Equation loop
Generating code for "gxxL"
Generating code for "gxyL"
Generating code for "gxzL"
Generating code for "gyyL"
Generating code for "gyzL"
Generating code for "gzzL"
Generating code for detg
Generating code for "kxxL"
Generating code for "kxyL"
Generating code for "kxzL"
Generating code for "kyyL"
Generating code for "kyzL"
Generating code for "kzzL"
Generating code for det4g
Generating code for gu11
Generating code for gu12
Generating code for gu13
Generating code for gu22
Generating code for gu23
Generating code for gu33
Generating code for f1
Generating code for f2
Generating code for u0
Generating code for "WL"
Generating code for "rhoL"
Generating code for "epsL"
Generating code for "prsL"
Generating code for "u1L"
Generating code for "u2L"
Generating code for "u3L"
Generating code for "rhodpL"
Generating code for "phiL"
Generating code for "gt11L"
Generating code for "gt12L"
Generating code for "gt13L"
Generating code for "gt22L"
Generating code for "gt23L"
Generating code for "gt33L"
Generating code for "trKL"
Generating code for "At11L"
Generating code for "At12L"
Generating code for "At13L"
Generating code for "At22L"
Generating code for "At23L"
Generating code for "At33L"
Generating code for "Xt1L"
Generating code for "Xt2L"
Generating code for "Xt3L"
Finished generating equation code
Creating calculation function: CT_Dust_LTB
Calculation sets {gxx, gxy, gxz, gyy, gyz, gzz, detg, kxx, kxy, kxz, kyy, kyz, kzz, rho, eps, prs, u1, u2, u3, rhodp}
Removing definitions for shorthands: {}
 1 shorthands
 109 grid functions
 32 groups
Shorthands: 
{detg}
Grid functions: 
{kxx, kxy, kxz, kyy, kyz, kzz, alp, gxx, gxy, gxz, gyy, gyz, gzz, betax, betay, betaz, x, y, z, r, At11, At12, At13, At22, At23, At33, Xt1, Xt2, Xt3, phi, gt11, gt12, gt13, gt22, gt23, gt33, trK, eTtt, eTxx, eTxy, eTxz, eTyy, eTyz, eTzz, eTtx, eTty, eTtz, cttS, cttV1, cttV2, cttV3, DD, EE, eps, prs, rho, rhodp, SS1, SS2, SS3, u1, u2, u3, V1, V2, V3, W, DDrhs, EErhs, SS1rhs, SS2rhs, SS3rhs, J11, J12, J13, J21, J22, J23, J31, J32, J33, detJ, iJ11, iJ12, iJ13, iJ21, iJ22, iJ23, iJ31, iJ32, iJ33, dJ111, dJ112, dJ113, dJ122, dJ123, dJ133, dJ211, dJ212, dJ213, dJ222, dJ223, dJ233, dJ311, dJ312, dJ313, dJ322, dJ323, dJ333}
Groups: 
{ADMBase::curv, ADMBase::lapse, ADMBase::metric, ADMBase::shift, grid::coordinates, ML_BSSN::ML_curv, ML_BSSN::ML_gamma, ML_BSSN::ML_log_confac, ML_BSSN::ML_metric, ML_BSSN::ML_trace_curv, TmunuBase::stress_energy_scalar, TmunuBase::stress_energy_tensor, TmunuBase::stress_energy_vector, CT_cttS, CT_cttV, CT_D, CT_E, CT_eps, CT_prs, CT_rho, CT_rhodp, CT_S, CT_u, CT_V, CT_W, CT_Drhs, CT_Erhs, CT_Srhs, unknown::unknown, unknown::unknown, unknown::unknown, unknown::unknown}
Simplifying gxx -> ...
Simplifying gxy -> ...
Simplifying gxz -> ...
Simplifying gyy -> ...
Simplifying gyz -> ...
Simplifying gzz -> ...
Simplifying detg -> ...
Simplifying kxx -> ...
Simplifying kxy -> ...
Simplifying kxz -> ...
Simplifying kyy -> ...
Simplifying kyz -> ...
Simplifying kzz -> ...
Simplifying rho -> ...
Simplifying eps -> ...
Simplifying prs -> ...
Simplifying u1 -> ...
Simplifying u2 -> ...
Simplifying u3 -> ...
Simplifying rhodp -> ...
Equations:
  gxx = ...
  gxy = ...
  gxz = ...
  gyy = ...
  gyz = ...
  gzz = ...
  detg = ...
  kxx = ...
  kxy = ...
  kxz = ...
  kyy = ...
  kyz = ...
  kzz = ...
  rho = ...
  eps = ...
  prs = ...
  u1 = ...
  u2 = ...
  u3 = ...
  rhodp = ...
Generating function
Equation loop
Generating code for "gxxL"
Generating code for "gxyL"
Generating code for "gxzL"
Generating code for "gyyL"
Generating code for "gyzL"
Generating code for "gzzL"
Generating code for detg
Generating code for "kxxL"
Generating code for "kxyL"
Generating code for "kxzL"
Generating code for "kyyL"
Generating code for "kyzL"
Generating code for "kzzL"
Generating code for "rhoL"
Generating code for "epsL"
Generating code for "prsL"
Generating code for "u1L"
Generating code for "u2L"
Generating code for "u3L"
Generating code for "rhodpL"
Finished generating equation code
Creating calculation function: CT_Dust_LTB_bound
Calculation sets {gxx, gxy, gxz, gyy, gyz, gzz, kxx, kxy, kxz, kyy, kyz, kzz, detg, det4g, gu11, gu12, gu13, gu22, gu23, gu33, f1, f2, u0, h, W, rho, eps, prs, u1, u2, u3, rhodp, phi, gt11, gt12, gt13, gt22, gt23, gt33, trK, At11, At12, At13, At22, At23, At33, Xt1, Xt2, Xt3}
Removing definitions for shorthands: {h}
Removing definitions for shorthands: {}
 45 shorthands
 109 grid functions
 32 groups
Shorthands: 
{detg, det4g, gu11, gu12, gu13, gu22, gu23, gu33, gtu11, gtu12, gtu13, gtu22, gtu23, gtu33, Gt111, Gt211, Gt311, Gt112, Gt212, Gt312, Gt113, Gt213, Gt313, Gt121, Gt221, Gt321, Gt122, Gt222, Gt322, Gt123, Gt223, Gt323, Gt131, Gt231, Gt331, Gt132, Gt232, Gt332, Gt133, Gt233, Gt333, f1, f2, u0, h}
Grid functions: 
{kxx, kxy, kxz, kyy, kyz, kzz, alp, gxx, gxy, gxz, gyy, gyz, gzz, betax, betay, betaz, x, y, z, r, At11, At12, At13, At22, At23, At33, Xt1, Xt2, Xt3, phi, gt11, gt12, gt13, gt22, gt23, gt33, trK, eTtt, eTxx, eTxy, eTxz, eTyy, eTyz, eTzz, eTtx, eTty, eTtz, cttS, cttV1, cttV2, cttV3, DD, EE, eps, prs, rho, rhodp, SS1, SS2, SS3, u1, u2, u3, V1, V2, V3, W, DDrhs, EErhs, SS1rhs, SS2rhs, SS3rhs, J11, J12, J13, J21, J22, J23, J31, J32, J33, detJ, iJ11, iJ12, iJ13, iJ21, iJ22, iJ23, iJ31, iJ32, iJ33, dJ111, dJ112, dJ113, dJ122, dJ123, dJ133, dJ211, dJ212, dJ213, dJ222, dJ223, dJ233, dJ311, dJ312, dJ313, dJ322, dJ323, dJ333}
Groups: 
{ADMBase::curv, ADMBase::lapse, ADMBase::metric, ADMBase::shift, grid::coordinates, ML_BSSN::ML_curv, ML_BSSN::ML_gamma, ML_BSSN::ML_log_confac, ML_BSSN::ML_metric, ML_BSSN::ML_trace_curv, TmunuBase::stress_energy_scalar, TmunuBase::stress_energy_tensor, TmunuBase::stress_energy_vector, CT_cttS, CT_cttV, CT_D, CT_E, CT_eps, CT_prs, CT_rho, CT_rhodp, CT_S, CT_u, CT_V, CT_W, CT_Drhs, CT_Erhs, CT_Srhs, unknown::unknown, unknown::unknown, unknown::unknown, unknown::unknown}
Equations:
  gxx = ...
  gxy = ...
  gxz = ...
  gyy = ...
  gyz = ...
  gzz = ...
  kxx = ...
  kxy = ...
  kxz = ...
  kyy = ...
  kyz = ...
  kzz = ...
  detg = ...
  det4g = ...
  gu11 = ...
  gu12 = ...
  gu13 = ...
  gu22 = ...
  gu23 = ...
  gu33 = ...
  f1 = ...
  f2 = ...
  u0 = ...
  W = ...
  rho = ...
  eps = ...
  prs = ...
  u1 = ...
  u2 = ...
  u3 = ...
  rhodp = ...
  phi = ...
  gt11 = ...
  gt12 = ...
  gt13 = ...
  gt22 = ...
  gt23 = ...
  gt33 = ...
  trK = ...
  At11 = ...
  At12 = ...
  At13 = ...
  At22 = ...
  At23 = ...
  At33 = ...
  Xt1 = ...
  Xt2 = ...
  Xt3 = ...
Generating function
Equation loop
Generating code for "gxxL"
Generating code for "gxyL"
Generating code for "gxzL"
Generating code for "gyyL"
Generating code for "gyzL"
Generating code for "gzzL"
Generating code for "kxxL"
Generating code for "kxyL"
Generating code for "kxzL"
Generating code for "kyyL"
Generating code for "kyzL"
Generating code for "kzzL"
Generating code for detg
Generating code for det4g
Generating code for gu11
Generating code for gu12
Generating code for gu13
Generating code for gu22
Generating code for gu23
Generating code for gu33
Generating code for f1
Generating code for f2
Generating code for u0
Generating code for "WL"
Generating code for "rhoL"
Generating code for "epsL"
Generating code for "prsL"
Generating code for "u1L"
Generating code for "u2L"
Generating code for "u3L"
Generating code for "rhodpL"
Generating code for "phiL"
Generating code for "gt11L"
Generating code for "gt12L"
Generating code for "gt13L"
Generating code for "gt22L"
Generating code for "gt23L"
Generating code for "gt33L"
Generating code for "trKL"
Generating code for "At11L"
Generating code for "At12L"
Generating code for "At13L"
Generating code for "At22L"
Generating code for "At23L"
Generating code for "At33L"
Generating code for "Xt1L"
Generating code for "Xt2L"
Generating code for "Xt3L"
Finished generating equation code
Creating calculation function: CT_Dust_convertFromPrimitives
Calculation sets {detg, det4g, gu11, gu12, gu13, gu22, gu23, gu33, f1, f2, u0, h, W, DD, EE, SS1, SS2, SS3, V1, V2, V3}
Removing definitions for shorthands: {}
 12 shorthands
 109 grid functions
 32 groups
Shorthands: 
{detg, det4g, gu11, gu12, gu13, gu22, gu23, gu33, f1, f2, u0, h}
Grid functions: 
{kxx, kxy, kxz, kyy, kyz, kzz, alp, gxx, gxy, gxz, gyy, gyz, gzz, betax, betay, betaz, x, y, z, r, At11, At12, At13, At22, At23, At33, Xt1, Xt2, Xt3, phi, gt11, gt12, gt13, gt22, gt23, gt33, trK, eTtt, eTxx, eTxy, eTxz, eTyy, eTyz, eTzz, eTtx, eTty, eTtz, cttS, cttV1, cttV2, cttV3, DD, EE, eps, prs, rho, rhodp, SS1, SS2, SS3, u1, u2, u3, V1, V2, V3, W, DDrhs, EErhs, SS1rhs, SS2rhs, SS3rhs, J11, J12, J13, J21, J22, J23, J31, J32, J33, detJ, iJ11, iJ12, iJ13, iJ21, iJ22, iJ23, iJ31, iJ32, iJ33, dJ111, dJ112, dJ113, dJ122, dJ123, dJ133, dJ211, dJ212, dJ213, dJ222, dJ223, dJ233, dJ311, dJ312, dJ313, dJ322, dJ323, dJ333}
Groups: 
{ADMBase::curv, ADMBase::lapse, ADMBase::metric, ADMBase::shift, grid::coordinates, ML_BSSN::ML_curv, ML_BSSN::ML_gamma, ML_BSSN::ML_log_confac, ML_BSSN::ML_metric, ML_BSSN::ML_trace_curv, TmunuBase::stress_energy_scalar, TmunuBase::stress_energy_tensor, TmunuBase::stress_energy_vector, CT_cttS, CT_cttV, CT_D, CT_E, CT_eps, CT_prs, CT_rho, CT_rhodp, CT_S, CT_u, CT_V, CT_W, CT_Drhs, CT_Erhs, CT_Srhs, unknown::unknown, unknown::unknown, unknown::unknown, unknown::unknown}
Simplifying detg -> ...
Simplifying det4g -> ...
Simplifying gu11 -> ...
Simplifying gu12 -> ...
Simplifying gu13 -> ...
Simplifying gu22 -> ...
Simplifying gu23 -> ...
Simplifying gu33 -> ...
Simplifying f1 -> ...
Simplifying f2 -> ...
Simplifying u0 -> ...
Simplifying h -> ...
Simplifying W -> ...
Simplifying DD -> ...
Simplifying EE -> ...
Simplifying SS1 -> ...
Simplifying SS2 -> ...
Simplifying SS3 -> ...
Simplifying V1 -> ...
Simplifying V2 -> ...
Simplifying V3 -> ...
Equations:
  detg = ...
  det4g = ...
  gu11 = ...
  gu12 = ...
  gu13 = ...
  gu22 = ...
  gu23 = ...
  gu33 = ...
  f1 = ...
  f2 = ...
  u0 = ...
  h = ...
  W = ...
  DD = ...
  EE = ...
  SS1 = ...
  SS2 = ...
  SS3 = ...
  V1 = ...
  V2 = ...
  V3 = ...
Generating function
Equation loop
Generating code for detg
Generating code for det4g
Generating code for gu11
Generating code for gu12
Generating code for gu13
Generating code for gu22
Generating code for gu23
Generating code for gu33
Generating code for f1
Generating code for f2
Generating code for u0
Generating code for h
Generating code for "WL"
Generating code for "DDL"
Generating code for "EEL"
Generating code for "SS1L"
Generating code for "SS2L"
Generating code for "SS3L"
Generating code for "V1L"
Generating code for "V2L"
Generating code for "V3L"
Finished generating equation code
Creating calculation function: CT_Dust_RHS
Calculation sets {dir1, dir2, dir3, detg, det4g, gu11, gu12, gu13, gu22, gu23, gu33, f1, f2, u0, dtW, h, SS0, DDrhs, EErhs, SS1rhs, SS2rhs, SS3rhs}
Removing definitions for shorthands: {}
 71 shorthands
 109 grid functions
 32 groups
Shorthands: 
{dir1, dir2, dir3, detg, det4g, gu11, gu12, gu13, gu22, gu23, gu33, f1, f2, u0, dtW, SS0, h, JacPDstandardNth1alp, JacPDstandardNth1betax, JacPDstandardNth1betay, JacPDstandardNth1betaz, JacPDstandardNth1DD, JacPDstandardNth1EE, JacPDstandardNth1gxx, JacPDstandardNth1gxy, JacPDstandardNth1gxz, JacPDstandardNth1gyy, JacPDstandardNth1gyz, JacPDstandardNth1gzz, JacPDstandardNth1prs, JacPDstandardNth1SS1, JacPDstandardNth1SS2, JacPDstandardNth1SS3, JacPDstandardNth1V1, JacPDstandardNth1W, JacPDstandardNth2alp, JacPDstandardNth2betax, JacPDstandardNth2betay, JacPDstandardNth2betaz, JacPDstandardNth2DD, JacPDstandardNth2EE, JacPDstandardNth2gxx, JacPDstandardNth2gxy, JacPDstandardNth2gxz, JacPDstandardNth2gyy, JacPDstandardNth2gyz, JacPDstandardNth2gzz, JacPDstandardNth2prs, JacPDstandardNth2SS1, JacPDstandardNth2SS2, JacPDstandardNth2SS3, JacPDstandardNth2V2, JacPDstandardNth2W, JacPDstandardNth3alp, JacPDstandardNth3betax, JacPDstandardNth3betay, JacPDstandardNth3betaz, JacPDstandardNth3DD, JacPDstandardNth3EE, JacPDstandardNth3gxx, JacPDstandardNth3gxy, JacPDstandardNth3gxz, JacPDstandardNth3gyy, JacPDstandardNth3gyz, JacPDstandardNth3gzz, JacPDstandardNth3prs, JacPDstandardNth3SS1, JacPDstandardNth3SS2, JacPDstandardNth3SS3, JacPDstandardNth3V3, JacPDstandardNth3W}
Grid functions: 
{kxx, kxy, kxz, kyy, kyz, kzz, alp, gxx, gxy, gxz, gyy, gyz, gzz, betax, betay, betaz, x, y, z, r, At11, At12, At13, At22, At23, At33, Xt1, Xt2, Xt3, phi, gt11, gt12, gt13, gt22, gt23, gt33, trK, eTtt, eTxx, eTxy, eTxz, eTyy, eTyz, eTzz, eTtx, eTty, eTtz, cttS, cttV1, cttV2, cttV3, DD, EE, eps, prs, rho, rhodp, SS1, SS2, SS3, u1, u2, u3, V1, V2, V3, W, DDrhs, EErhs, SS1rhs, SS2rhs, SS3rhs, J11, J12, J13, J21, J22, J23, J31, J32, J33, detJ, iJ11, iJ12, iJ13, iJ21, iJ22, iJ23, iJ31, iJ32, iJ33, dJ111, dJ112, dJ113, dJ122, dJ123, dJ133, dJ211, dJ212, dJ213, dJ222, dJ223, dJ233, dJ311, dJ312, dJ313, dJ322, dJ323, dJ333}
Groups: 
{ADMBase::curv, ADMBase::lapse, ADMBase::metric, ADMBase::shift, grid::coordinates, ML_BSSN::ML_curv, ML_BSSN::ML_gamma, ML_BSSN::ML_log_confac, ML_BSSN::ML_metric, ML_BSSN::ML_trace_curv, TmunuBase::stress_energy_scalar, TmunuBase::stress_energy_tensor, TmunuBase::stress_energy_vector, CT_cttS, CT_cttV, CT_D, CT_E, CT_eps, CT_prs, CT_rho, CT_rhodp, CT_S, CT_u, CT_V, CT_W, CT_Drhs, CT_Erhs, CT_Srhs, unknown::unknown, unknown::unknown, unknown::unknown, unknown::unknown}
Simplifying dir1 -> ...
Simplifying dir2 -> ...
Simplifying dir3 -> ...
Simplifying JacPDstandardNth1alp -> ...
Simplifying JacPDstandardNth1betax -> ...
Simplifying JacPDstandardNth1betay -> ...
Simplifying JacPDstandardNth1betaz -> ...
Simplifying JacPDstandardNth1DD -> ...
Simplifying JacPDstandardNth1EE -> ...
Simplifying JacPDstandardNth1gxx -> ...
Simplifying JacPDstandardNth1gxy -> ...
Simplifying JacPDstandardNth1gxz -> ...
Simplifying JacPDstandardNth1gyy -> ...
Simplifying JacPDstandardNth1gyz -> ...
Simplifying JacPDstandardNth1gzz -> ...
Simplifying JacPDstandardNth1prs -> ...
Simplifying JacPDstandardNth1SS1 -> ...
Simplifying JacPDstandardNth1SS2 -> ...
Simplifying JacPDstandardNth1SS3 -> ...
Simplifying JacPDstandardNth1V1 -> ...
Simplifying JacPDstandardNth1W -> ...
Simplifying JacPDstandardNth2alp -> ...
Simplifying JacPDstandardNth2betax -> ...
Simplifying JacPDstandardNth2betay -> ...
Simplifying JacPDstandardNth2betaz -> ...
Simplifying JacPDstandardNth2DD -> ...
Simplifying JacPDstandardNth2EE -> ...
Simplifying JacPDstandardNth2gxx -> ...
Simplifying JacPDstandardNth2gxy -> ...
Simplifying JacPDstandardNth2gxz -> ...
Simplifying JacPDstandardNth2gyy -> ...
Simplifying JacPDstandardNth2gyz -> ...
Simplifying JacPDstandardNth2gzz -> ...
Simplifying JacPDstandardNth2prs -> ...
Simplifying JacPDstandardNth2SS1 -> ...
Simplifying JacPDstandardNth2SS2 -> ...
Simplifying JacPDstandardNth2SS3 -> ...
Simplifying JacPDstandardNth2V2 -> ...
Simplifying JacPDstandardNth2W -> ...
Simplifying JacPDstandardNth3alp -> ...
Simplifying JacPDstandardNth3betax -> ...
Simplifying JacPDstandardNth3betay -> ...
Simplifying JacPDstandardNth3betaz -> ...
Simplifying JacPDstandardNth3DD -> ...
Simplifying JacPDstandardNth3EE -> ...
Simplifying JacPDstandardNth3gxx -> ...
Simplifying JacPDstandardNth3gxy -> ...
Simplifying JacPDstandardNth3gxz -> ...
Simplifying JacPDstandardNth3gyy -> ...
Simplifying JacPDstandardNth3gyz -> ...
Simplifying JacPDstandardNth3gzz -> ...
Simplifying JacPDstandardNth3prs -> ...
Simplifying JacPDstandardNth3SS1 -> ...
Simplifying JacPDstandardNth3SS2 -> ...
Simplifying JacPDstandardNth3SS3 -> ...
Simplifying JacPDstandardNth3V3 -> ...
Simplifying JacPDstandardNth3W -> ...
Simplifying detg -> ...
Simplifying det4g -> ...
Simplifying gu11 -> ...
Simplifying gu12 -> ...
Simplifying gu13 -> ...
Simplifying gu22 -> ...
Simplifying gu23 -> ...
Simplifying gu33 -> ...
Simplifying f1 -> ...
Simplifying f2 -> ...
Simplifying u0 -> ...
Simplifying dtW -> ...
Simplifying h -> ...
Simplifying SS0 -> ...
Simplifying DDrhs -> ...
Simplifying EErhs -> ...
Simplifying SS1rhs -> ...
Simplifying SS2rhs -> ...
Simplifying SS3rhs -> ...
Equations:
  dir1 = ...
  dir2 = ...
  dir3 = ...
  JacPDstandardNth1alp = ...
  JacPDstandardNth1betax = ...
  JacPDstandardNth1betay = ...
  JacPDstandardNth1betaz = ...
  JacPDstandardNth1DD = ...
  JacPDstandardNth1EE = ...
  JacPDstandardNth1gxx = ...
  JacPDstandardNth1gxy = ...
  JacPDstandardNth1gxz = ...
  JacPDstandardNth1gyy = ...
  JacPDstandardNth1gyz = ...
  JacPDstandardNth1gzz = ...
  JacPDstandardNth1prs = ...
  JacPDstandardNth1SS1 = ...
  JacPDstandardNth1SS2 = ...
  JacPDstandardNth1SS3 = ...
  JacPDstandardNth1V1 = ...
  JacPDstandardNth1W = ...
  JacPDstandardNth2alp = ...
  JacPDstandardNth2betax = ...
  JacPDstandardNth2betay = ...
  JacPDstandardNth2betaz = ...
  JacPDstandardNth2DD = ...
  JacPDstandardNth2EE = ...
  JacPDstandardNth2gxx = ...
  JacPDstandardNth2gxy = ...
  JacPDstandardNth2gxz = ...
  JacPDstandardNth2gyy = ...
  JacPDstandardNth2gyz = ...
  JacPDstandardNth2gzz = ...
  JacPDstandardNth2prs = ...
  JacPDstandardNth2SS1 = ...
  JacPDstandardNth2SS2 = ...
  JacPDstandardNth2SS3 = ...
  JacPDstandardNth2V2 = ...
  JacPDstandardNth2W = ...
  JacPDstandardNth3alp = ...
  JacPDstandardNth3betax = ...
  JacPDstandardNth3betay = ...
  JacPDstandardNth3betaz = ...
  JacPDstandardNth3DD = ...
  JacPDstandardNth3EE = ...
  JacPDstandardNth3gxx = ...
  JacPDstandardNth3gxy = ...
  JacPDstandardNth3gxz = ...
  JacPDstandardNth3gyy = ...
  JacPDstandardNth3gyz = ...
  JacPDstandardNth3gzz = ...
  JacPDstandardNth3prs = ...
  JacPDstandardNth3SS1 = ...
  JacPDstandardNth3SS2 = ...
  JacPDstandardNth3SS3 = ...
  JacPDstandardNth3V3 = ...
  JacPDstandardNth3W = ...
  detg = ...
  det4g = ...
  gu11 = ...
  gu12 = ...
  gu13 = ...
  gu22 = ...
  gu23 = ...
  gu33 = ...
  f1 = ...
  f2 = ...
  u0 = ...
  dtW = ...
  h = ...
  SS0 = ...
  DDrhs = ...
  EErhs = ...
  SS1rhs = ...
  SS2rhs = ...
  SS3rhs = ...
Generating function
Equation loop
Generating code for dir1
Generating code for dir2
Generating code for dir3
Generating code for "usejacobian"
Generating code for detg
Generating code for det4g
Generating code for gu11
Generating code for gu12
Generating code for gu13
Generating code for gu22
Generating code for gu23
Generating code for gu33
Generating code for f1
Generating code for f2
Generating code for u0
Generating code for dtW
Generating code for h
Generating code for SS0
Generating code for "DDrhsL"
Generating code for "EErhsL"
Generating code for "SS1rhsL"
Generating code for "SS2rhsL"
Generating code for "SS3rhsL"
Finished generating equation code
Creating calculation function: CT_Dust_InitRHS
Calculation sets {DDrhs, EErhs, SS1rhs, SS2rhs, SS3rhs}
Removing definitions for shorthands: {}
 0 shorthands
 109 grid functions
 32 groups
Shorthands: 
{}
Grid functions: 
{kxx, kxy, kxz, kyy, kyz, kzz, alp, gxx, gxy, gxz, gyy, gyz, gzz, betax, betay, betaz, x, y, z, r, At11, At12, At13, At22, At23, At33, Xt1, Xt2, Xt3, phi, gt11, gt12, gt13, gt22, gt23, gt33, trK, eTtt, eTxx, eTxy, eTxz, eTyy, eTyz, eTzz, eTtx, eTty, eTtz, cttS, cttV1, cttV2, cttV3, DD, EE, eps, prs, rho, rhodp, SS1, SS2, SS3, u1, u2, u3, V1, V2, V3, W, DDrhs, EErhs, SS1rhs, SS2rhs, SS3rhs, J11, J12, J13, J21, J22, J23, J31, J32, J33, detJ, iJ11, iJ12, iJ13, iJ21, iJ22, iJ23, iJ31, iJ32, iJ33, dJ111, dJ112, dJ113, dJ122, dJ123, dJ133, dJ211, dJ212, dJ213, dJ222, dJ223, dJ233, dJ311, dJ312, dJ313, dJ322, dJ323, dJ333}
Groups: 
{ADMBase::curv, ADMBase::lapse, ADMBase::metric, ADMBase::shift, grid::coordinates, ML_BSSN::ML_curv, ML_BSSN::ML_gamma, ML_BSSN::ML_log_confac, ML_BSSN::ML_metric, ML_BSSN::ML_trace_curv, TmunuBase::stress_energy_scalar, TmunuBase::stress_energy_tensor, TmunuBase::stress_energy_vector, CT_cttS, CT_cttV, CT_D, CT_E, CT_eps, CT_prs, CT_rho, CT_rhodp, CT_S, CT_u, CT_V, CT_W, CT_Drhs, CT_Erhs, CT_Srhs, unknown::unknown, unknown::unknown, unknown::unknown, unknown::unknown}
Simplifying DDrhs -> ...
Simplifying EErhs -> ...
Simplifying SS1rhs -> ...
Simplifying SS2rhs -> ...
Simplifying SS3rhs -> ...
Equations:
  DDrhs = ...
  EErhs = ...
  SS1rhs = ...
  SS2rhs = ...
  SS3rhs = ...
Generating function
Equation loop
Generating code for "DDrhsL"
Generating code for "EErhsL"
Generating code for "SS1rhsL"
Generating code for "SS2rhsL"
Generating code for "SS3rhsL"
Finished generating equation code
Creating calculation function: CT_Dust_RHSStaticBoundary
Calculation sets {DDrhs, EErhs, SS1rhs, SS2rhs, SS3rhs}
Removing definitions for shorthands: {}
 0 shorthands
 109 grid functions
 32 groups
Shorthands: 
{}
Grid functions: 
{kxx, kxy, kxz, kyy, kyz, kzz, alp, gxx, gxy, gxz, gyy, gyz, gzz, betax, betay, betaz, x, y, z, r, At11, At12, At13, At22, At23, At33, Xt1, Xt2, Xt3, phi, gt11, gt12, gt13, gt22, gt23, gt33, trK, eTtt, eTxx, eTxy, eTxz, eTyy, eTyz, eTzz, eTtx, eTty, eTtz, cttS, cttV1, cttV2, cttV3, DD, EE, eps, prs, rho, rhodp, SS1, SS2, SS3, u1, u2, u3, V1, V2, V3, W, DDrhs, EErhs, SS1rhs, SS2rhs, SS3rhs, J11, J12, J13, J21, J22, J23, J31, J32, J33, detJ, iJ11, iJ12, iJ13, iJ21, iJ22, iJ23, iJ31, iJ32, iJ33, dJ111, dJ112, dJ113, dJ122, dJ123, dJ133, dJ211, dJ212, dJ213, dJ222, dJ223, dJ233, dJ311, dJ312, dJ313, dJ322, dJ323, dJ333}
Groups: 
{ADMBase::curv, ADMBase::lapse, ADMBase::metric, ADMBase::shift, grid::coordinates, ML_BSSN::ML_curv, ML_BSSN::ML_gamma, ML_BSSN::ML_log_confac, ML_BSSN::ML_metric, ML_BSSN::ML_trace_curv, TmunuBase::stress_energy_scalar, TmunuBase::stress_energy_tensor, TmunuBase::stress_energy_vector, CT_cttS, CT_cttV, CT_D, CT_E, CT_eps, CT_prs, CT_rho, CT_rhodp, CT_S, CT_u, CT_V, CT_W, CT_Drhs, CT_Erhs, CT_Srhs, unknown::unknown, unknown::unknown, unknown::unknown, unknown::unknown}
Simplifying DDrhs -> ...
Simplifying EErhs -> ...
Simplifying SS1rhs -> ...
Simplifying SS2rhs -> ...
Simplifying SS3rhs -> ...
Equations:
  DDrhs = ...
  EErhs = ...
  SS1rhs = ...
  SS2rhs = ...
  SS3rhs = ...
Generating function
Equation loop
Generating code for "DDrhsL"
Generating code for "EErhsL"
Generating code for "SS1rhsL"
Generating code for "SS2rhsL"
Generating code for "SS3rhsL"
Finished generating equation code
Creating calculation function: CT_Dust_boundary
Calculation sets {DD, EE, SS1, SS2, SS3}
Removing definitions for shorthands: {}
 0 shorthands
 109 grid functions
 32 groups
Shorthands: 
{}
Grid functions: 
{kxx, kxy, kxz, kyy, kyz, kzz, alp, gxx, gxy, gxz, gyy, gyz, gzz, betax, betay, betaz, x, y, z, r, At11, At12, At13, At22, At23, At33, Xt1, Xt2, Xt3, phi, gt11, gt12, gt13, gt22, gt23, gt33, trK, eTtt, eTxx, eTxy, eTxz, eTyy, eTyz, eTzz, eTtx, eTty, eTtz, cttS, cttV1, cttV2, cttV3, DD, EE, eps, prs, rho, rhodp, SS1, SS2, SS3, u1, u2, u3, V1, V2, V3, W, DDrhs, EErhs, SS1rhs, SS2rhs, SS3rhs, J11, J12, J13, J21, J22, J23, J31, J32, J33, detJ, iJ11, iJ12, iJ13, iJ21, iJ22, iJ23, iJ31, iJ32, iJ33, dJ111, dJ112, dJ113, dJ122, dJ123, dJ133, dJ211, dJ212, dJ213, dJ222, dJ223, dJ233, dJ311, dJ312, dJ313, dJ322, dJ323, dJ333}
Groups: 
{ADMBase::curv, ADMBase::lapse, ADMBase::metric, ADMBase::shift, grid::coordinates, ML_BSSN::ML_curv, ML_BSSN::ML_gamma, ML_BSSN::ML_log_confac, ML_BSSN::ML_metric, ML_BSSN::ML_trace_curv, TmunuBase::stress_energy_scalar, TmunuBase::stress_energy_tensor, TmunuBase::stress_energy_vector, CT_cttS, CT_cttV, CT_D, CT_E, CT_eps, CT_prs, CT_rho, CT_rhodp, CT_S, CT_u, CT_V, CT_W, CT_Drhs, CT_Erhs, CT_Srhs, unknown::unknown, unknown::unknown, unknown::unknown, unknown::unknown}
Simplifying DD -> ...
Simplifying EE -> ...
Simplifying SS1 -> ...
Simplifying SS2 -> ...
Simplifying SS3 -> ...
Equations:
  DD = ...
  EE = ...
  SS1 = ...
  SS2 = ...
  SS3 = ...
Generating function
Equation loop
Generating code for "DDL"
Generating code for "EEL"
Generating code for "SS1L"
Generating code for "SS2L"
Generating code for "SS3L"
Finished generating equation code
Creating calculation function: CT_Dust_convertToPrimitives
Calculation sets {detg, det4g, gu11, gu12, gu13, gu22, gu23, gu33, eps, h, rho, u1, u2, u3, W, prs, rhodp, f1, f2, u0, V1, V2, V3}
Removing definitions for shorthands: {}
 12 shorthands
 109 grid functions
 32 groups
Shorthands: 
{detg, det4g, gu11, gu12, gu13, gu22, gu23, gu33, f1, f2, u0, h}
Grid functions: 
{kxx, kxy, kxz, kyy, kyz, kzz, alp, gxx, gxy, gxz, gyy, gyz, gzz, betax, betay, betaz, x, y, z, r, At11, At12, At13, At22, At23, At33, Xt1, Xt2, Xt3, phi, gt11, gt12, gt13, gt22, gt23, gt33, trK, eTtt, eTxx, eTxy, eTxz, eTyy, eTyz, eTzz, eTtx, eTty, eTtz, cttS, cttV1, cttV2, cttV3, DD, EE, eps, prs, rho, rhodp, SS1, SS2, SS3, u1, u2, u3, V1, V2, V3, W, DDrhs, EErhs, SS1rhs, SS2rhs, SS3rhs, J11, J12, J13, J21, J22, J23, J31, J32, J33, detJ, iJ11, iJ12, iJ13, iJ21, iJ22, iJ23, iJ31, iJ32, iJ33, dJ111, dJ112, dJ113, dJ122, dJ123, dJ133, dJ211, dJ212, dJ213, dJ222, dJ223, dJ233, dJ311, dJ312, dJ313, dJ322, dJ323, dJ333}
Groups: 
{ADMBase::curv, ADMBase::lapse, ADMBase::metric, ADMBase::shift, grid::coordinates, ML_BSSN::ML_curv, ML_BSSN::ML_gamma, ML_BSSN::ML_log_confac, ML_BSSN::ML_metric, ML_BSSN::ML_trace_curv, TmunuBase::stress_energy_scalar, TmunuBase::stress_energy_tensor, TmunuBase::stress_energy_vector, CT_cttS, CT_cttV, CT_D, CT_E, CT_eps, CT_prs, CT_rho, CT_rhodp, CT_S, CT_u, CT_V, CT_W, CT_Drhs, CT_Erhs, CT_Srhs, unknown::unknown, unknown::unknown, unknown::unknown, unknown::unknown}
Simplifying detg -> ...
Simplifying det4g -> ...
Simplifying gu11 -> ...
Simplifying gu12 -> ...
Simplifying gu13 -> ...
Simplifying gu22 -> ...
Simplifying gu23 -> ...
Simplifying gu33 -> ...
Simplifying eps -> ...
Simplifying h -> ...
Simplifying rho -> ...
Simplifying u1 -> ...
Simplifying u2 -> ...
Simplifying u3 -> ...
Simplifying W -> ...
Simplifying prs -> ...
Simplifying rhodp -> ...
Simplifying f1 -> ...
Simplifying f2 -> ...
Simplifying u0 -> ...
Simplifying V1 -> ...
Simplifying V2 -> ...
Simplifying V3 -> ...
Equations:
  detg = ...
  det4g = ...
  gu11 = ...
  gu12 = ...
  gu13 = ...
  gu22 = ...
  gu23 = ...
  gu33 = ...
  eps = ...
  h = ...
  rho = ...
  u1 = ...
  u2 = ...
  u3 = ...
  W = ...
  prs = ...
  rhodp = ...
  f1 = ...
  f2 = ...
  u0 = ...
  V1 = ...
  V2 = ...
  V3 = ...
Generating function
Equation loop
Generating code for detg
Generating code for det4g
Generating code for gu11
Generating code for gu12
Generating code for gu13
Generating code for gu22
Generating code for gu23
Generating code for gu33
Generating code for "epsL"
Generating code for h
Generating code for "rhoL"
Generating code for "u1L"
Generating code for "u2L"
Generating code for "u3L"
Generating code for "WL"
Generating code for "prsL"
Generating code for "rhodpL"
Generating code for f1
Generating code for f2
Generating code for u0
Generating code for "V1L"
Generating code for "V2L"
Generating code for "V3L"
Finished generating equation code
Creating calculation function: CT_Dust_addToTmunu
Calculation sets {detg, det4g, gu11, gu12, gu13, gu22, gu23, gu33, f1, f2, u0u, bsq, u0l, eTtt, eTtx, eTty, eTtz, eTxx, eTxy, eTxz, eTyy, eTyz, eTzz}
Removing definitions for shorthands: {det4g}
Removing definitions for shorthands: {}
 15 shorthands
 109 grid functions
 32 groups
Shorthands: 
{detg, det4g, gu11, gu12, gu13, gu22, gu23, gu33, f1, f2, u0u, u0l, bsq, rhocrit, rhof}
Grid functions: 
{kxx, kxy, kxz, kyy, kyz, kzz, alp, gxx, gxy, gxz, gyy, gyz, gzz, betax, betay, betaz, x, y, z, r, At11, At12, At13, At22, At23, At33, Xt1, Xt2, Xt3, phi, gt11, gt12, gt13, gt22, gt23, gt33, trK, eTtt, eTxx, eTxy, eTxz, eTyy, eTyz, eTzz, eTtx, eTty, eTtz, cttS, cttV1, cttV2, cttV3, DD, EE, eps, prs, rho, rhodp, SS1, SS2, SS3, u1, u2, u3, V1, V2, V3, W, DDrhs, EErhs, SS1rhs, SS2rhs, SS3rhs, J11, J12, J13, J21, J22, J23, J31, J32, J33, detJ, iJ11, iJ12, iJ13, iJ21, iJ22, iJ23, iJ31, iJ32, iJ33, dJ111, dJ112, dJ113, dJ122, dJ123, dJ133, dJ211, dJ212, dJ213, dJ222, dJ223, dJ233, dJ311, dJ312, dJ313, dJ322, dJ323, dJ333}
Groups: 
{ADMBase::curv, ADMBase::lapse, ADMBase::metric, ADMBase::shift, grid::coordinates, ML_BSSN::ML_curv, ML_BSSN::ML_gamma, ML_BSSN::ML_log_confac, ML_BSSN::ML_metric, ML_BSSN::ML_trace_curv, TmunuBase::stress_energy_scalar, TmunuBase::stress_energy_tensor, TmunuBase::stress_energy_vector, CT_cttS, CT_cttV, CT_D, CT_E, CT_eps, CT_prs, CT_rho, CT_rhodp, CT_S, CT_u, CT_V, CT_W, CT_Drhs, CT_Erhs, CT_Srhs, unknown::unknown, unknown::unknown, unknown::unknown, unknown::unknown}
Simplifying detg -> ...
Simplifying gu11 -> ...
Simplifying gu12 -> ...
Simplifying gu13 -> ...
Simplifying gu22 -> ...
Simplifying gu23 -> ...
Simplifying gu33 -> ...
Simplifying f1 -> ...
Simplifying f2 -> ...
Simplifying u0u -> ...
Simplifying bsq -> ...
Simplifying u0l -> ...
Simplifying eTtt -> ...
Simplifying eTtx -> ...
Simplifying eTty -> ...
Simplifying eTtz -> ...
Simplifying eTxx -> ...
Simplifying eTxy -> ...
Simplifying eTxz -> ...
Simplifying eTyy -> ...
Simplifying eTyz -> ...
Simplifying eTzz -> ...
Equations:
  detg = ...
  gu11 = ...
  gu12 = ...
  gu13 = ...
  gu22 = ...
  gu23 = ...
  gu33 = ...
  f1 = ...
  f2 = ...
  u0u = ...
  bsq = ...
  u0l = ...
  eTtt = ...
  eTtx = ...
  eTty = ...
  eTtz = ...
  eTxx = ...
  eTxy = ...
  eTxz = ...
  eTyy = ...
  eTyz = ...
  eTzz = ...
Generating function
Equation loop
Generating code for detg
Generating code for gu11
Generating code for gu12
Generating code for gu13
Generating code for gu22
Generating code for gu23
Generating code for gu33
Generating code for f1
Generating code for f2
Generating code for u0u
Generating code for bsq
Generating code for u0l
Generating code for "eTttL"
Generating code for "eTtxL"
Generating code for "eTtyL"
Generating code for "eTtzL"
Generating code for "eTxxL"
Generating code for "eTxyL"
Generating code for "eTxzL"
Generating code for "eTyyL"
Generating code for "eTyzL"
Generating code for "eTzzL"
Finished generating equation code
Creating calculation function: CT_Dust_setCTTrhs
Calculation sets {detg, det4g, gu11, gu12, gu13, gu22, gu23, gu33, f1, f2, u0u, bsq, u0l, t00, t01, t02, t03, t11, t12, t13, t21, t22, t23, t31, t32, t33, cttS, cttV1, cttV2, cttV3}
Removing definitions for shorthands: {det4g}
Removing definitions for shorthands: {}
 26 shorthands
 109 grid functions
 32 groups
Shorthands: 
{detg, det4g, gu11, gu12, gu13, gu22, gu23, gu33, f1, f2, u0u, u0l, bsq, t00, t01, t02, t03, t11, t12, t13, t21, t22, t23, t31, t32, t33}
Grid functions: 
{kxx, kxy, kxz, kyy, kyz, kzz, alp, gxx, gxy, gxz, gyy, gyz, gzz, betax, betay, betaz, x, y, z, r, At11, At12, At13, At22, At23, At33, Xt1, Xt2, Xt3, phi, gt11, gt12, gt13, gt22, gt23, gt33, trK, eTtt, eTxx, eTxy, eTxz, eTyy, eTyz, eTzz, eTtx, eTty, eTtz, cttS, cttV1, cttV2, cttV3, DD, EE, eps, prs, rho, rhodp, SS1, SS2, SS3, u1, u2, u3, V1, V2, V3, W, DDrhs, EErhs, SS1rhs, SS2rhs, SS3rhs, J11, J12, J13, J21, J22, J23, J31, J32, J33, detJ, iJ11, iJ12, iJ13, iJ21, iJ22, iJ23, iJ31, iJ32, iJ33, dJ111, dJ112, dJ113, dJ122, dJ123, dJ133, dJ211, dJ212, dJ213, dJ222, dJ223, dJ233, dJ311, dJ312, dJ313, dJ322, dJ323, dJ333}
Groups: 
{ADMBase::curv, ADMBase::lapse, ADMBase::metric, ADMBase::shift, grid::coordinates, ML_BSSN::ML_curv, ML_BSSN::ML_gamma, ML_BSSN::ML_log_confac, ML_BSSN::ML_metric, ML_BSSN::ML_trace_curv, TmunuBase::stress_energy_scalar, TmunuBase::stress_energy_tensor, TmunuBase::stress_energy_vector, CT_cttS, CT_cttV, CT_D, CT_E, CT_eps, CT_prs, CT_rho, CT_rhodp, CT_S, CT_u, CT_V, CT_W, CT_Drhs, CT_Erhs, CT_Srhs, unknown::unknown, unknown::unknown, unknown::unknown, unknown::unknown}
Simplifying detg -> ...
Simplifying gu11 -> ...
Simplifying gu12 -> ...
Simplifying gu13 -> ...
Simplifying gu22 -> ...
Simplifying gu23 -> ...
Simplifying gu33 -> ...
Simplifying f1 -> ...
Simplifying f2 -> ...
Simplifying u0u -> ...
Simplifying bsq -> ...
Simplifying u0l -> ...
Simplifying t00 -> ...
Simplifying t01 -> ...
Simplifying t02 -> ...
Simplifying t03 -> ...
Simplifying t11 -> ...
Simplifying t12 -> ...
Simplifying t13 -> ...
Simplifying t21 -> ...
Simplifying t22 -> ...
Simplifying t23 -> ...
Simplifying t31 -> ...
Simplifying t32 -> ...
Simplifying t33 -> ...
Simplifying cttS -> ...
Simplifying cttV1 -> ...
Simplifying cttV2 -> ...
Simplifying cttV3 -> ...
Equations:
  detg = ...
  gu11 = ...
  gu12 = ...
  gu13 = ...
  gu22 = ...
  gu23 = ...
  gu33 = ...
  f1 = ...
  f2 = ...
  u0u = ...
  bsq = ...
  u0l = ...
  t00 = ...
  t01 = ...
  t02 = ...
  t03 = ...
  t11 = ...
  t12 = ...
  t13 = ...
  t21 = ...
  t22 = ...
  t23 = ...
  t31 = ...
  t32 = ...
  t33 = ...
  cttS = ...
  cttV1 = ...
  cttV2 = ...
  cttV3 = ...
Generating function
Equation loop
Generating code for detg
Generating code for gu11
Generating code for gu12
Generating code for gu13
Generating code for gu22
Generating code for gu23
Generating code for gu33
Generating code for f1
Generating code for f2
Generating code for u0u
Generating code for bsq
Generating code for u0l
Generating code for t00
Generating code for t01
Generating code for t02
Generating code for t03
Generating code for t11
Generating code for t12
Generating code for t13
Generating code for t21
Generating code for t22
Generating code for t23
Generating code for t31
Generating code for t32
Generating code for t33
Generating code for "cttSL"
Generating code for "cttV1L"
Generating code for "cttV2L"
Generating code for "cttV3L"
Finished generating equation code
Creating make file
Creating thorn
Creating thorns in directory ./CT_Dust
Thorn ./CT_Dust created successfully
